<?xml version="1.0" encoding="UTF-8"?>
<testng-results ignored="0" total="1" passed="1" failed="0" skipped="0">
  <reporter-output>
  </reporter-output>
  <suite started-at="2023-06-19T14:46:44 IST" name="Default suite" finished-at="2023-06-19T14:47:30 IST" duration-ms="45737">
    <groups>
    </groups>
    <test started-at="2023-06-19T14:46:44 IST" name="Default test" finished-at="2023-06-19T14:47:30 IST" duration-ms="45737">
      <class name="com.cstech.testscript.TestFileUpload">
        <test-method is-config="true" signature="openapplication()[pri:0, instance:com.cstech.testscript.TestFileUpload@73a1e9a9]" started-at="2023-06-19T14:46:44 IST" name="openapplication" finished-at="2023-06-19T14:47:09 IST" duration-ms="24867" status="PASS">
          <reporter-output>
          </reporter-output>
        </test-method> <!-- openapplication -->
        <test-method signature="testFileUpload()[pri:0, instance:com.cstech.testscript.TestFileUpload@73a1e9a9]" started-at="2023-06-19T14:47:09 IST" name="testFileUpload" finished-at="2023-06-19T14:47:27 IST" duration-ms="18491" status="PASS">
          <reporter-output>
          </reporter-output>
        </test-method> <!-- testFileUpload -->
        <test-method is-config="true" signature="closeapplication()[pri:0, instance:com.cstech.testscript.TestFileUpload@73a1e9a9]" started-at="2023-06-19T14:47:27 IST" name="closeapplication" finished-at="2023-06-19T14:47:30 IST" duration-ms="2153" status="PASS">
          <reporter-output>
          </reporter-output>
        </test-method> <!-- closeapplication -->
      </class> <!-- com.cstech.testscript.TestFileUpload -->
    </test> <!-- Default test -->
  </suite> <!-- Default suite -->
</testng-results>
